2019-02-18 17:35:06,412 INFO  [Log] **************************************************************************************** 
2019-02-18 17:35:06,412 INFO  [Log] **************************************************************************************** 
2019-02-18 17:35:06,412 INFO  [Log] $$$$$$$$$$$$$$$$$$$$$                 Reading Multiple Login Ids from Excel       $$$$$$$$$$$$$$$$$$$$$$$$$ 
2019-02-18 17:35:06,412 INFO  [Log] **************************************************************************************** 
2019-02-18 17:35:06,412 INFO  [Log] **************************************************************************************** 
2019-02-18 17:35:55,089 INFO  [Log] XXXXXXXXXXXXXXXXXXXXXXX             -E---N---D-             XXXXXXXXXXXXXXXXXXXXXX 
2019-02-18 17:35:55,089 INFO  [Log] X 
2019-02-18 17:35:55,089 INFO  [Log] X 
2019-02-18 17:35:55,089 INFO  [Log] X 
2019-02-18 17:35:55,089 INFO  [Log] X 
2019-02-18 19:44:27,573 INFO  [Log] **************************************************************************************** 
2019-02-18 19:44:27,588 INFO  [Log] **************************************************************************************** 
2019-02-18 19:44:27,588 INFO  [Log] $$$$$$$$$$$$$$$$$$$$$             Reading Multiple Login Ids from Excel       $$$$$$$$$$$$$$$$$$$$$$$$$$$ 
2019-02-18 19:44:27,588 INFO  [Log] **************************************************************************************** 
2019-02-18 19:44:27,588 INFO  [Log] **************************************************************************************** 
2019-02-18 19:47:33,966 INFO  [Log] XXXXXXXXXXXXXXXXXXXXXXX             -E---N---D-             XXXXXXXXXXXXXXXXXXXXXX 
2019-02-18 19:47:33,971 INFO  [Log] X 
2019-02-18 19:47:33,971 INFO  [Log] X 
2019-02-18 19:47:33,971 INFO  [Log] X 
2019-02-18 19:47:33,971 INFO  [Log] X 
2019-02-18 19:47:53,386 INFO  [Log] **************************************************************************************** 
2019-02-18 19:47:53,387 INFO  [Log] **************************************************************************************** 
2019-02-18 19:47:53,387 INFO  [Log] $$$$$$$$$$$$$$$$$$$$$             Reading Multiple Login Ids from Excel       $$$$$$$$$$$$$$$$$$$$$$$$$$$ 
2019-02-18 19:47:53,387 INFO  [Log] **************************************************************************************** 
2019-02-18 19:47:53,387 INFO  [Log] **************************************************************************************** 
2019-02-18 19:51:01,334 INFO  [Log] XXXXXXXXXXXXXXXXXXXXXXX             -E---N---D-             XXXXXXXXXXXXXXXXXXXXXX 
2019-02-18 19:51:01,334 INFO  [Log] X 
2019-02-18 19:51:01,335 INFO  [Log] X 
2019-02-18 19:51:01,335 INFO  [Log] X 
2019-02-18 19:51:01,335 INFO  [Log] X 
2019-02-18 19:53:22,776 INFO  [Log] **************************************************************************************** 
2019-02-18 19:53:22,777 INFO  [Log] **************************************************************************************** 
2019-02-18 19:53:22,778 INFO  [Log] $$$$$$$$$$$$$$$$$$$$$             Reading Multiple Login Ids from Excel       $$$$$$$$$$$$$$$$$$$$$$$$$$$ 
2019-02-18 19:53:22,778 INFO  [Log] **************************************************************************************** 
2019-02-18 19:53:22,778 INFO  [Log] **************************************************************************************** 
2019-02-18 19:54:31,736 INFO  [Log] XXXXXXXXXXXXXXXXXXXXXXX             -E---N---D-             XXXXXXXXXXXXXXXXXXXXXX 
2019-02-18 19:54:31,736 INFO  [Log] X 
2019-02-18 19:54:31,736 INFO  [Log] X 
2019-02-18 19:54:31,736 INFO  [Log] X 
2019-02-18 19:54:31,736 INFO  [Log] X 
2019-02-19 01:12:54,974 INFO  [Log] **************************************************************************************** 
2019-02-19 01:12:54,990 INFO  [Log] **************************************************************************************** 
2019-02-19 01:12:54,990 INFO  [Log] $$$$$$$$$$$$$$$$$$$$$             Reading Multiple Login Ids from Excel       $$$$$$$$$$$$$$$$$$$$$$$$$$$ 
2019-02-19 01:12:54,990 INFO  [Log] **************************************************************************************** 
2019-02-19 01:12:54,990 INFO  [Log] **************************************************************************************** 
2019-02-19 01:14:03,722 INFO  [Log] XXXXXXXXXXXXXXXXXXXXXXX             -E---N---D-             XXXXXXXXXXXXXXXXXXXXXX 
2019-02-19 01:14:03,722 INFO  [Log] X 
2019-02-19 01:14:03,722 INFO  [Log] X 
2019-02-19 01:14:03,722 INFO  [Log] X 
2019-02-19 01:14:03,722 INFO  [Log] X 
2019-02-19 01:14:03,722 INFO  [Log] **************************************************************************************** 
2019-02-19 01:14:03,722 INFO  [Log] **************************************************************************************** 
2019-02-19 01:14:03,722 INFO  [Log] $$$$$$$$$$$$$$$$$$$$$             Reading Multiple Login Ids from Excel       $$$$$$$$$$$$$$$$$$$$$$$$$$$ 
2019-02-19 01:14:03,722 INFO  [Log] **************************************************************************************** 
2019-02-19 01:14:03,722 INFO  [Log] **************************************************************************************** 
2019-02-19 01:14:06,474 INFO  [Log] XXXXXXXXXXXXXXXXXXXXXXX             -E---N---D-             XXXXXXXXXXXXXXXXXXXXXX 
2019-02-19 01:14:06,474 INFO  [Log] X 
2019-02-19 01:14:06,474 INFO  [Log] X 
2019-02-19 01:14:06,474 INFO  [Log] X 
2019-02-19 01:14:06,474 INFO  [Log] X 
2019-02-19 01:15:27,250 INFO  [Log] **************************************************************************************** 
2019-02-19 01:15:27,250 INFO  [Log] **************************************************************************************** 
2019-02-19 01:15:27,250 INFO  [Log] $$$$$$$$$$$$$$$$$$$$$             Reading Multiple Login Ids from Excel       $$$$$$$$$$$$$$$$$$$$$$$$$$$ 
2019-02-19 01:15:27,250 INFO  [Log] **************************************************************************************** 
2019-02-19 01:15:27,250 INFO  [Log] **************************************************************************************** 
2019-02-19 01:16:34,125 INFO  [Log] XXXXXXXXXXXXXXXXXXXXXXX             -E---N---D-             XXXXXXXXXXXXXXXXXXXXXX 
2019-02-19 01:16:34,125 INFO  [Log] X 
2019-02-19 01:16:34,125 INFO  [Log] X 
2019-02-19 01:16:34,125 INFO  [Log] X 
2019-02-19 01:16:34,125 INFO  [Log] X 
2019-02-19 01:16:34,125 INFO  [Log] **************************************************************************************** 
2019-02-19 01:16:34,125 INFO  [Log] **************************************************************************************** 
2019-02-19 01:16:34,125 INFO  [Log] $$$$$$$$$$$$$$$$$$$$$             Reading Multiple Login Ids from Excel       $$$$$$$$$$$$$$$$$$$$$$$$$$$ 
2019-02-19 01:16:34,125 INFO  [Log] **************************************************************************************** 
2019-02-19 01:16:34,125 INFO  [Log] **************************************************************************************** 
2019-02-19 01:16:36,891 INFO  [Log] XXXXXXXXXXXXXXXXXXXXXXX             -E---N---D-             XXXXXXXXXXXXXXXXXXXXXX 
2019-02-19 01:16:36,891 INFO  [Log] X 
2019-02-19 01:16:36,891 INFO  [Log] X 
2019-02-19 01:16:36,891 INFO  [Log] X 
2019-02-19 01:16:36,891 INFO  [Log] X 
2019-02-19 01:21:12,079 INFO  [Log] **************************************************************************************** 
2019-02-19 01:21:12,079 INFO  [Log] **************************************************************************************** 
2019-02-19 01:21:12,079 INFO  [Log] $$$$$$$$$$$$$$$$$$$$$             Reading Multiple Login Ids from Excel       $$$$$$$$$$$$$$$$$$$$$$$$$$$ 
2019-02-19 01:21:12,079 INFO  [Log] **************************************************************************************** 
2019-02-19 01:21:12,079 INFO  [Log] **************************************************************************************** 
2019-02-19 01:22:26,844 INFO  [Log] **************************************************************************************** 
2019-02-19 01:22:26,844 INFO  [Log] **************************************************************************************** 
2019-02-19 01:22:26,844 INFO  [Log] $$$$$$$$$$$$$$$$$$$$$             Reading Multiple Login Ids from Excel       $$$$$$$$$$$$$$$$$$$$$$$$$$$ 
2019-02-19 01:22:26,844 INFO  [Log] **************************************************************************************** 
2019-02-19 01:22:26,844 INFO  [Log] **************************************************************************************** 
2019-02-19 01:22:31,968 INFO  [Log] XXXXXXXXXXXXXXXXXXXXXXX             -E---N---D-             XXXXXXXXXXXXXXXXXXXXXX 
2019-02-19 01:22:31,968 INFO  [Log] X 
2019-02-19 01:22:31,968 INFO  [Log] X 
2019-02-19 01:22:31,968 INFO  [Log] X 
2019-02-19 01:22:31,968 INFO  [Log] X 
2019-02-19 01:23:36,305 INFO  [Log] **************************************************************************************** 
2019-02-19 01:23:36,305 INFO  [Log] **************************************************************************************** 
2019-02-19 01:23:36,305 INFO  [Log] $$$$$$$$$$$$$$$$$$$$$             Reading Multiple Login Ids from Excel       $$$$$$$$$$$$$$$$$$$$$$$$$$$ 
2019-02-19 01:23:36,305 INFO  [Log] **************************************************************************************** 
2019-02-19 01:23:36,305 INFO  [Log] **************************************************************************************** 
2019-02-19 01:23:43,911 INFO  [Log] XXXXXXXXXXXXXXXXXXXXXXX             -E---N---D-             XXXXXXXXXXXXXXXXXXXXXX 
2019-02-19 01:23:43,911 INFO  [Log] X 
2019-02-19 01:23:43,911 INFO  [Log] X 
2019-02-19 01:23:43,912 INFO  [Log] X 
2019-02-19 01:23:43,912 INFO  [Log] X 
2019-02-19 01:24:42,045 INFO  [Log] **************************************************************************************** 
2019-02-19 01:24:42,045 INFO  [Log] **************************************************************************************** 
2019-02-19 01:24:42,045 INFO  [Log] $$$$$$$$$$$$$$$$$$$$$             Reading Multiple Login Ids from Excel       $$$$$$$$$$$$$$$$$$$$$$$$$$$ 
2019-02-19 01:24:42,045 INFO  [Log] **************************************************************************************** 
2019-02-19 01:24:42,045 INFO  [Log] **************************************************************************************** 
2019-02-19 01:25:08,155 INFO  [Log] XXXXXXXXXXXXXXXXXXXXXXX             -E---N---D-             XXXXXXXXXXXXXXXXXXXXXX 
2019-02-19 01:25:08,155 INFO  [Log] X 
2019-02-19 01:25:08,155 INFO  [Log] X 
2019-02-19 01:25:08,155 INFO  [Log] X 
2019-02-19 01:25:08,155 INFO  [Log] X 
2019-02-19 01:34:02,350 INFO  [Log] **************************************************************************************** 
2019-02-19 01:34:02,350 INFO  [Log] **************************************************************************************** 
2019-02-19 01:34:02,350 INFO  [Log] $$$$$$$$$$$$$$$$$$$$$             Reading Multiple Login Ids from Excel       $$$$$$$$$$$$$$$$$$$$$$$$$$$ 
2019-02-19 01:34:02,350 INFO  [Log] **************************************************************************************** 
2019-02-19 01:34:02,350 INFO  [Log] **************************************************************************************** 
2019-02-19 01:34:32,275 INFO  [Log] XXXXXXXXXXXXXXXXXXXXXXX             -E---N---D-             XXXXXXXXXXXXXXXXXXXXXX 
2019-02-19 01:34:32,275 INFO  [Log] X 
2019-02-19 01:34:32,275 INFO  [Log] X 
2019-02-19 01:34:32,275 INFO  [Log] X 
2019-02-19 01:34:32,275 INFO  [Log] X 
2019-02-19 01:38:16,984 INFO  [Log] **************************************************************************************** 
2019-02-19 01:38:16,984 INFO  [Log] **************************************************************************************** 
2019-02-19 01:38:16,984 INFO  [Log] $$$$$$$$$$$$$$$$$$$$$             Reading Multiple Login Ids from Excel       $$$$$$$$$$$$$$$$$$$$$$$$$$$ 
2019-02-19 01:38:16,984 INFO  [Log] **************************************************************************************** 
2019-02-19 01:38:16,984 INFO  [Log] **************************************************************************************** 
2019-02-19 01:38:48,416 INFO  [Log] XXXXXXXXXXXXXXXXXXXXXXX             -E---N---D-             XXXXXXXXXXXXXXXXXXXXXX 
2019-02-19 01:38:48,416 INFO  [Log] X 
2019-02-19 01:38:48,416 INFO  [Log] X 
2019-02-19 01:38:48,416 INFO  [Log] X 
2019-02-19 01:38:48,416 INFO  [Log] X 
2019-02-19 01:39:38,750 INFO  [Log] **************************************************************************************** 
2019-02-19 01:39:38,750 INFO  [Log] **************************************************************************************** 
2019-02-19 01:39:38,750 INFO  [Log] $$$$$$$$$$$$$$$$$$$$$             Reading Multiple Login Ids from Excel       $$$$$$$$$$$$$$$$$$$$$$$$$$$ 
2019-02-19 01:39:38,750 INFO  [Log] **************************************************************************************** 
2019-02-19 01:39:38,750 INFO  [Log] **************************************************************************************** 
2019-02-19 01:40:07,247 INFO  [Log] XXXXXXXXXXXXXXXXXXXXXXX             -E---N---D-             XXXXXXXXXXXXXXXXXXXXXX 
2019-02-19 01:40:07,247 INFO  [Log] X 
2019-02-19 01:40:07,247 INFO  [Log] X 
2019-02-19 01:40:07,247 INFO  [Log] X 
2019-02-19 01:40:07,247 INFO  [Log] X 
2019-02-19 02:04:22,921 INFO  [Log] **************************************************************************************** 
2019-02-19 02:04:22,921 INFO  [Log] **************************************************************************************** 
2019-02-19 02:04:22,921 INFO  [Log] $$$$$$$$$$$$$$$$$$$$$             Reading Multiple Login Ids from Excel       $$$$$$$$$$$$$$$$$$$$$$$$$$$ 
2019-02-19 02:04:22,921 INFO  [Log] **************************************************************************************** 
2019-02-19 02:04:22,921 INFO  [Log] **************************************************************************************** 
2019-02-19 02:04:34,818 INFO  [Log] XXXXXXXXXXXXXXXXXXXXXXX             -E---N---D-             XXXXXXXXXXXXXXXXXXXXXX 
2019-02-19 02:04:34,818 INFO  [Log] X 
2019-02-19 02:04:34,818 INFO  [Log] X 
2019-02-19 02:04:34,818 INFO  [Log] X 
2019-02-19 02:04:34,818 INFO  [Log] X 
2019-02-19 02:09:53,307 INFO  [Log] **************************************************************************************** 
2019-02-19 02:09:53,307 INFO  [Log] **************************************************************************************** 
2019-02-19 02:09:53,307 INFO  [Log] $$$$$$$$$$$$$$$$$$$$$             Reading Multiple Login Ids from Excel       $$$$$$$$$$$$$$$$$$$$$$$$$$$ 
2019-02-19 02:09:53,307 INFO  [Log] **************************************************************************************** 
2019-02-19 02:09:53,307 INFO  [Log] **************************************************************************************** 
2019-02-19 02:10:04,803 INFO  [Log] XXXXXXXXXXXXXXXXXXXXXXX             -E---N---D-             XXXXXXXXXXXXXXXXXXXXXX 
2019-02-19 02:10:04,803 INFO  [Log] X 
2019-02-19 02:10:04,803 INFO  [Log] X 
2019-02-19 02:10:04,803 INFO  [Log] X 
2019-02-19 02:10:04,803 INFO  [Log] X 
2019-02-19 02:15:28,218 INFO  [Log] **************************************************************************************** 
2019-02-19 02:15:28,218 INFO  [Log] **************************************************************************************** 
2019-02-19 02:15:28,218 INFO  [Log] $$$$$$$$$$$$$$$$$$$$$             Reading Multiple Login Ids from Excel       $$$$$$$$$$$$$$$$$$$$$$$$$$$ 
2019-02-19 02:15:28,218 INFO  [Log] **************************************************************************************** 
2019-02-19 02:15:28,218 INFO  [Log] **************************************************************************************** 
2019-02-19 02:15:29,793 INFO  [Log] XXXXXXXXXXXXXXXXXXXXXXX             -E---N---D-             XXXXXXXXXXXXXXXXXXXXXX 
2019-02-19 02:15:29,793 INFO  [Log] X 
2019-02-19 02:15:29,793 INFO  [Log] X 
2019-02-19 02:15:29,793 INFO  [Log] X 
2019-02-19 02:15:29,793 INFO  [Log] X 
2019-02-19 02:17:11,116 INFO  [Log] **************************************************************************************** 
2019-02-19 02:17:11,116 INFO  [Log] **************************************************************************************** 
2019-02-19 02:17:11,116 INFO  [Log] $$$$$$$$$$$$$$$$$$$$$             Reading Multiple Login Ids from Excel       $$$$$$$$$$$$$$$$$$$$$$$$$$$ 
2019-02-19 02:17:11,116 INFO  [Log] **************************************************************************************** 
2019-02-19 02:17:11,116 INFO  [Log] **************************************************************************************** 
2019-02-19 02:17:12,585 INFO  [Log] XXXXXXXXXXXXXXXXXXXXXXX             -E---N---D-             XXXXXXXXXXXXXXXXXXXXXX 
2019-02-19 02:17:12,585 INFO  [Log] X 
2019-02-19 02:17:12,585 INFO  [Log] X 
2019-02-19 02:17:12,585 INFO  [Log] X 
2019-02-19 02:17:12,585 INFO  [Log] X 
2019-02-19 02:18:10,780 INFO  [Log] **************************************************************************************** 
2019-02-19 02:18:10,780 INFO  [Log] **************************************************************************************** 
2019-02-19 02:18:10,780 INFO  [Log] $$$$$$$$$$$$$$$$$$$$$             Reading Multiple Login Ids from Excel       $$$$$$$$$$$$$$$$$$$$$$$$$$$ 
2019-02-19 02:18:10,780 INFO  [Log] **************************************************************************************** 
2019-02-19 02:18:10,780 INFO  [Log] **************************************************************************************** 
2019-02-19 02:18:12,264 INFO  [Log] XXXXXXXXXXXXXXXXXXXXXXX             -E---N---D-             XXXXXXXXXXXXXXXXXXXXXX 
2019-02-19 02:18:12,264 INFO  [Log] X 
2019-02-19 02:18:12,264 INFO  [Log] X 
2019-02-19 02:18:12,264 INFO  [Log] X 
2019-02-19 02:18:12,264 INFO  [Log] X 
2019-02-19 02:24:59,285 INFO  [Log] **************************************************************************************** 
2019-02-19 02:24:59,309 INFO  [Log] **************************************************************************************** 
2019-02-19 02:24:59,309 INFO  [Log] $$$$$$$$$$$$$$$$$$$$$             Reading Multiple Login Ids from Excel       $$$$$$$$$$$$$$$$$$$$$$$$$$$ 
2019-02-19 02:24:59,309 INFO  [Log] **************************************************************************************** 
2019-02-19 02:24:59,309 INFO  [Log] **************************************************************************************** 
2019-02-19 02:25:00,823 INFO  [Log] XXXXXXXXXXXXXXXXXXXXXXX             -E---N---D-             XXXXXXXXXXXXXXXXXXXXXX 
2019-02-19 02:25:00,823 INFO  [Log] X 
2019-02-19 02:25:00,823 INFO  [Log] X 
2019-02-19 02:25:00,823 INFO  [Log] X 
2019-02-19 02:25:00,823 INFO  [Log] X 
2019-02-19 02:28:00,413 INFO  [Log] **************************************************************************************** 
2019-02-19 02:28:00,413 INFO  [Log] **************************************************************************************** 
2019-02-19 02:28:00,413 INFO  [Log] $$$$$$$$$$$$$$$$$$$$$             Reading Multiple Login Ids from Excel       $$$$$$$$$$$$$$$$$$$$$$$$$$$ 
2019-02-19 02:28:00,413 INFO  [Log] **************************************************************************************** 
2019-02-19 02:28:00,413 INFO  [Log] **************************************************************************************** 
2019-02-19 02:28:06,070 INFO  [Log] XXXXXXXXXXXXXXXXXXXXXXX             -E---N---D-             XXXXXXXXXXXXXXXXXXXXXX 
2019-02-19 02:28:06,070 INFO  [Log] X 
2019-02-19 02:28:06,070 INFO  [Log] X 
2019-02-19 02:28:06,070 INFO  [Log] X 
2019-02-19 02:28:06,070 INFO  [Log] X 
2019-02-19 02:29:45,890 INFO  [Log] **************************************************************************************** 
2019-02-19 02:29:45,890 INFO  [Log] **************************************************************************************** 
2019-02-19 02:29:45,890 INFO  [Log] $$$$$$$$$$$$$$$$$$$$$             Reading Multiple Login Ids from Excel       $$$$$$$$$$$$$$$$$$$$$$$$$$$ 
2019-02-19 02:29:45,890 INFO  [Log] **************************************************************************************** 
2019-02-19 02:29:45,890 INFO  [Log] **************************************************************************************** 
2019-02-19 02:30:15,568 INFO  [Log] XXXXXXXXXXXXXXXXXXXXXXX             -E---N---D-             XXXXXXXXXXXXXXXXXXXXXX 
2019-02-19 02:30:15,568 INFO  [Log] X 
2019-02-19 02:30:15,568 INFO  [Log] X 
2019-02-19 02:30:15,568 INFO  [Log] X 
2019-02-19 02:30:15,568 INFO  [Log] X 
2019-02-19 02:32:16,400 INFO  [Log] **************************************************************************************** 
2019-02-19 02:32:16,400 INFO  [Log] **************************************************************************************** 
2019-02-19 02:32:16,400 INFO  [Log] $$$$$$$$$$$$$$$$$$$$$             Reading Multiple Login Ids from Excel       $$$$$$$$$$$$$$$$$$$$$$$$$$$ 
2019-02-19 02:32:16,400 INFO  [Log] **************************************************************************************** 
2019-02-19 02:32:16,400 INFO  [Log] **************************************************************************************** 
2019-02-19 02:32:43,706 INFO  [Log] XXXXXXXXXXXXXXXXXXXXXXX             -E---N---D-             XXXXXXXXXXXXXXXXXXXXXX 
2019-02-19 02:32:43,706 INFO  [Log] X 
2019-02-19 02:32:43,706 INFO  [Log] X 
2019-02-19 02:32:43,706 INFO  [Log] X 
2019-02-19 02:32:43,706 INFO  [Log] X 
2019-02-19 02:33:47,062 INFO  [Log] **************************************************************************************** 
2019-02-19 02:33:47,062 INFO  [Log] **************************************************************************************** 
2019-02-19 02:33:47,062 INFO  [Log] $$$$$$$$$$$$$$$$$$$$$             Reading Multiple Login Ids from Excel       $$$$$$$$$$$$$$$$$$$$$$$$$$$ 
2019-02-19 02:33:47,062 INFO  [Log] **************************************************************************************** 
2019-02-19 02:33:47,062 INFO  [Log] **************************************************************************************** 
2019-02-19 02:34:14,847 INFO  [Log] XXXXXXXXXXXXXXXXXXXXXXX             -E---N---D-             XXXXXXXXXXXXXXXXXXXXXX 
2019-02-19 02:34:14,847 INFO  [Log] X 
2019-02-19 02:34:14,847 INFO  [Log] X 
2019-02-19 02:34:14,847 INFO  [Log] X 
2019-02-19 02:34:14,847 INFO  [Log] X 
2019-02-19 02:35:39,807 INFO  [Log] **************************************************************************************** 
2019-02-19 02:35:39,807 INFO  [Log] **************************************************************************************** 
2019-02-19 02:35:39,807 INFO  [Log] $$$$$$$$$$$$$$$$$$$$$             Reading Multiple Login Ids from Excel       $$$$$$$$$$$$$$$$$$$$$$$$$$$ 
2019-02-19 02:35:39,807 INFO  [Log] **************************************************************************************** 
2019-02-19 02:35:39,807 INFO  [Log] **************************************************************************************** 
2019-02-19 02:35:53,159 INFO  [Log] XXXXXXXXXXXXXXXXXXXXXXX             -E---N---D-             XXXXXXXXXXXXXXXXXXXXXX 
2019-02-19 02:35:53,159 INFO  [Log] X 
2019-02-19 02:35:53,159 INFO  [Log] X 
2019-02-19 02:35:53,159 INFO  [Log] X 
2019-02-19 02:35:53,159 INFO  [Log] X 
2019-02-19 02:36:10,140 INFO  [Log] **************************************************************************************** 
2019-02-19 02:36:10,140 INFO  [Log] **************************************************************************************** 
2019-02-19 02:36:10,140 INFO  [Log] $$$$$$$$$$$$$$$$$$$$$             Reading Multiple Login Ids from Excel       $$$$$$$$$$$$$$$$$$$$$$$$$$$ 
2019-02-19 02:36:10,140 INFO  [Log] **************************************************************************************** 
2019-02-19 02:36:10,140 INFO  [Log] **************************************************************************************** 
2019-02-19 02:36:25,350 INFO  [Log] XXXXXXXXXXXXXXXXXXXXXXX             -E---N---D-             XXXXXXXXXXXXXXXXXXXXXX 
2019-02-19 02:36:25,365 INFO  [Log] X 
2019-02-19 02:36:25,365 INFO  [Log] X 
2019-02-19 02:36:25,365 INFO  [Log] X 
2019-02-19 02:36:25,365 INFO  [Log] X 
2019-02-19 02:40:18,723 INFO  [Log] **************************************************************************************** 
2019-02-19 02:40:18,723 INFO  [Log] **************************************************************************************** 
2019-02-19 02:40:18,723 INFO  [Log] $$$$$$$$$$$$$$$$$$$$$             Reading Multiple Login Ids from Excel       $$$$$$$$$$$$$$$$$$$$$$$$$$$ 
2019-02-19 02:40:18,723 INFO  [Log] **************************************************************************************** 
2019-02-19 02:40:18,723 INFO  [Log] **************************************************************************************** 
2019-02-19 02:40:33,068 INFO  [Log] XXXXXXXXXXXXXXXXXXXXXXX             -E---N---D-             XXXXXXXXXXXXXXXXXXXXXX 
2019-02-19 02:40:33,068 INFO  [Log] X 
2019-02-19 02:40:33,068 INFO  [Log] X 
2019-02-19 02:40:33,068 INFO  [Log] X 
2019-02-19 02:40:33,068 INFO  [Log] X 
2019-02-19 02:48:34,260 INFO  [Log] **************************************************************************************** 
2019-02-19 02:48:34,260 INFO  [Log] **************************************************************************************** 
2019-02-19 02:48:34,260 INFO  [Log] $$$$$$$$$$$$$$$$$$$$$             Reading Multiple Login Ids from Excel       $$$$$$$$$$$$$$$$$$$$$$$$$$$ 
2019-02-19 02:48:34,260 INFO  [Log] **************************************************************************************** 
2019-02-19 02:48:34,260 INFO  [Log] **************************************************************************************** 
2019-02-19 02:48:35,715 INFO  [Log] XXXXXXXXXXXXXXXXXXXXXXX             -E---N---D-             XXXXXXXXXXXXXXXXXXXXXX 
2019-02-19 02:48:35,715 INFO  [Log] X 
2019-02-19 02:48:35,715 INFO  [Log] X 
2019-02-19 02:48:35,715 INFO  [Log] X 
2019-02-19 02:48:35,715 INFO  [Log] X 
2019-02-19 02:49:49,697 INFO  [Log] **************************************************************************************** 
2019-02-19 02:49:49,697 INFO  [Log] **************************************************************************************** 
2019-02-19 02:49:49,697 INFO  [Log] $$$$$$$$$$$$$$$$$$$$$             Reading Multiple Login Ids from Excel       $$$$$$$$$$$$$$$$$$$$$$$$$$$ 
2019-02-19 02:49:49,697 INFO  [Log] **************************************************************************************** 
2019-02-19 02:49:49,697 INFO  [Log] **************************************************************************************** 
2019-02-19 02:49:55,046 INFO  [Log] XXXXXXXXXXXXXXXXXXXXXXX             -E---N---D-             XXXXXXXXXXXXXXXXXXXXXX 
2019-02-19 02:49:55,046 INFO  [Log] X 
2019-02-19 02:49:55,046 INFO  [Log] X 
2019-02-19 02:49:55,046 INFO  [Log] X 
2019-02-19 02:49:55,046 INFO  [Log] X 
2019-02-19 02:52:43,029 INFO  [Log] **************************************************************************************** 
2019-02-19 02:52:43,029 INFO  [Log] **************************************************************************************** 
2019-02-19 02:52:43,029 INFO  [Log] $$$$$$$$$$$$$$$$$$$$$             Reading Multiple Login Ids from Excel       $$$$$$$$$$$$$$$$$$$$$$$$$$$ 
2019-02-19 02:52:43,029 INFO  [Log] **************************************************************************************** 
2019-02-19 02:52:43,029 INFO  [Log] **************************************************************************************** 
2019-02-19 02:52:48,503 INFO  [Log] XXXXXXXXXXXXXXXXXXXXXXX             -E---N---D-             XXXXXXXXXXXXXXXXXXXXXX 
2019-02-19 02:52:48,503 INFO  [Log] X 
2019-02-19 02:52:48,503 INFO  [Log] X 
2019-02-19 02:52:48,503 INFO  [Log] X 
2019-02-19 02:52:48,503 INFO  [Log] X 
2019-02-19 02:55:48,582 INFO  [Log] **************************************************************************************** 
2019-02-19 02:55:48,582 INFO  [Log] **************************************************************************************** 
2019-02-19 02:55:48,582 INFO  [Log] $$$$$$$$$$$$$$$$$$$$$             Reading Multiple Login Ids from Excel       $$$$$$$$$$$$$$$$$$$$$$$$$$$ 
2019-02-19 02:55:48,582 INFO  [Log] **************************************************************************************** 
2019-02-19 02:55:48,582 INFO  [Log] **************************************************************************************** 
2019-02-19 02:55:54,125 INFO  [Log] XXXXXXXXXXXXXXXXXXXXXXX             -E---N---D-             XXXXXXXXXXXXXXXXXXXXXX 
2019-02-19 02:55:54,125 INFO  [Log] X 
2019-02-19 02:55:54,125 INFO  [Log] X 
2019-02-19 02:55:54,125 INFO  [Log] X 
2019-02-19 02:55:54,125 INFO  [Log] X 
2019-02-19 02:59:19,891 INFO  [Log] **************************************************************************************** 
2019-02-19 02:59:19,891 INFO  [Log] **************************************************************************************** 
2019-02-19 02:59:19,891 INFO  [Log] $$$$$$$$$$$$$$$$$$$$$             Reading Multiple Login Ids from Excel       $$$$$$$$$$$$$$$$$$$$$$$$$$$ 
2019-02-19 02:59:19,891 INFO  [Log] **************************************************************************************** 
2019-02-19 02:59:19,891 INFO  [Log] **************************************************************************************** 
2019-02-19 02:59:27,704 INFO  [Log] XXXXXXXXXXXXXXXXXXXXXXX             -E---N---D-             XXXXXXXXXXXXXXXXXXXXXX 
2019-02-19 02:59:27,704 INFO  [Log] X 
2019-02-19 02:59:27,704 INFO  [Log] X 
2019-02-19 02:59:27,704 INFO  [Log] X 
2019-02-19 02:59:27,704 INFO  [Log] X 
2019-02-19 03:01:22,427 INFO  [Log] **************************************************************************************** 
2019-02-19 03:01:22,427 INFO  [Log] **************************************************************************************** 
2019-02-19 03:01:22,427 INFO  [Log] $$$$$$$$$$$$$$$$$$$$$             Reading Multiple Login Ids from Excel       $$$$$$$$$$$$$$$$$$$$$$$$$$$ 
2019-02-19 03:01:22,427 INFO  [Log] **************************************************************************************** 
2019-02-19 03:01:22,427 INFO  [Log] **************************************************************************************** 
2019-02-19 03:01:30,521 INFO  [Log] XXXXXXXXXXXXXXXXXXXXXXX             -E---N---D-             XXXXXXXXXXXXXXXXXXXXXX 
2019-02-19 03:01:30,521 INFO  [Log] X 
2019-02-19 03:01:30,521 INFO  [Log] X 
2019-02-19 03:01:30,521 INFO  [Log] X 
2019-02-19 03:01:30,521 INFO  [Log] X 
2019-02-19 03:25:02,284 INFO  [Log] **************************************************************************************** 
2019-02-19 03:25:02,284 INFO  [Log] **************************************************************************************** 
2019-02-19 03:25:02,284 INFO  [Log] $$$$$$$$$$$$$$$$$$$$$             Reading Multiple Login Ids from Excel       $$$$$$$$$$$$$$$$$$$$$$$$$$$ 
2019-02-19 03:25:02,284 INFO  [Log] **************************************************************************************** 
2019-02-19 03:25:02,284 INFO  [Log] **************************************************************************************** 
2019-02-19 03:25:10,072 INFO  [Log] XXXXXXXXXXXXXXXXXXXXXXX             -E---N---D-             XXXXXXXXXXXXXXXXXXXXXX 
2019-02-19 03:25:10,072 INFO  [Log] X 
2019-02-19 03:25:10,072 INFO  [Log] X 
2019-02-19 03:25:10,072 INFO  [Log] X 
2019-02-19 03:25:10,072 INFO  [Log] X 
2019-02-19 03:28:02,719 INFO  [Log] **************************************************************************************** 
2019-02-19 03:28:02,719 INFO  [Log] **************************************************************************************** 
2019-02-19 03:28:02,719 INFO  [Log] $$$$$$$$$$$$$$$$$$$$$             Reading Multiple Login Ids from Excel       $$$$$$$$$$$$$$$$$$$$$$$$$$$ 
2019-02-19 03:28:02,719 INFO  [Log] **************************************************************************************** 
2019-02-19 03:28:02,719 INFO  [Log] **************************************************************************************** 
2019-02-19 03:28:16,180 INFO  [Log] XXXXXXXXXXXXXXXXXXXXXXX             -E---N---D-             XXXXXXXXXXXXXXXXXXXXXX 
2019-02-19 03:28:16,180 INFO  [Log] X 
2019-02-19 03:28:16,180 INFO  [Log] X 
2019-02-19 03:28:16,180 INFO  [Log] X 
2019-02-19 03:28:16,180 INFO  [Log] X 
2019-02-19 03:29:02,703 INFO  [Log] **************************************************************************************** 
2019-02-19 03:29:02,703 INFO  [Log] **************************************************************************************** 
2019-02-19 03:29:02,703 INFO  [Log] $$$$$$$$$$$$$$$$$$$$$             Reading Multiple Login Ids from Excel       $$$$$$$$$$$$$$$$$$$$$$$$$$$ 
2019-02-19 03:29:02,703 INFO  [Log] **************************************************************************************** 
2019-02-19 03:29:02,703 INFO  [Log] **************************************************************************************** 
2019-02-19 03:29:29,535 INFO  [Log] XXXXXXXXXXXXXXXXXXXXXXX             -E---N---D-             XXXXXXXXXXXXXXXXXXXXXX 
2019-02-19 03:29:29,535 INFO  [Log] X 
2019-02-19 03:29:29,535 INFO  [Log] X 
2019-02-19 03:29:29,535 INFO  [Log] X 
2019-02-19 03:29:29,535 INFO  [Log] X 
2019-02-19 03:32:00,865 INFO  [Log] **************************************************************************************** 
2019-02-19 03:32:00,865 INFO  [Log] **************************************************************************************** 
2019-02-19 03:32:00,865 INFO  [Log] $$$$$$$$$$$$$$$$$$$$$             Reading Multiple Login Ids from Excel       $$$$$$$$$$$$$$$$$$$$$$$$$$$ 
2019-02-19 03:32:00,866 INFO  [Log] **************************************************************************************** 
2019-02-19 03:32:00,866 INFO  [Log] **************************************************************************************** 
2019-02-19 03:32:32,156 INFO  [Log] XXXXXXXXXXXXXXXXXXXXXXX             -E---N---D-             XXXXXXXXXXXXXXXXXXXXXX 
2019-02-19 03:32:32,156 INFO  [Log] X 
2019-02-19 03:32:32,156 INFO  [Log] X 
2019-02-19 03:32:32,156 INFO  [Log] X 
2019-02-19 03:32:32,156 INFO  [Log] X 
2019-02-19 03:33:01,550 INFO  [Log] **************************************************************************************** 
2019-02-19 03:33:01,550 INFO  [Log] **************************************************************************************** 
2019-02-19 03:33:01,550 INFO  [Log] $$$$$$$$$$$$$$$$$$$$$             Reading Multiple Login Ids from Excel       $$$$$$$$$$$$$$$$$$$$$$$$$$$ 
2019-02-19 03:33:01,550 INFO  [Log] **************************************************************************************** 
2019-02-19 03:33:01,550 INFO  [Log] **************************************************************************************** 
2019-02-19 03:33:08,839 INFO  [Log] XXXXXXXXXXXXXXXXXXXXXXX             -E---N---D-             XXXXXXXXXXXXXXXXXXXXXX 
2019-02-19 03:33:08,839 INFO  [Log] X 
2019-02-19 03:33:08,839 INFO  [Log] X 
2019-02-19 03:33:08,839 INFO  [Log] X 
2019-02-19 03:33:08,839 INFO  [Log] X 
2019-02-19 03:34:26,301 INFO  [Log] **************************************************************************************** 
2019-02-19 03:34:26,302 INFO  [Log] **************************************************************************************** 
2019-02-19 03:34:26,302 INFO  [Log] $$$$$$$$$$$$$$$$$$$$$             Reading Multiple Login Ids from Excel       $$$$$$$$$$$$$$$$$$$$$$$$$$$ 
2019-02-19 03:34:26,302 INFO  [Log] **************************************************************************************** 
2019-02-19 03:34:26,302 INFO  [Log] **************************************************************************************** 
2019-02-19 03:34:33,550 INFO  [Log] XXXXXXXXXXXXXXXXXXXXXXX             -E---N---D-             XXXXXXXXXXXXXXXXXXXXXX 
2019-02-19 03:34:33,550 INFO  [Log] X 
2019-02-19 03:34:33,550 INFO  [Log] X 
2019-02-19 03:34:33,550 INFO  [Log] X 
2019-02-19 03:34:33,550 INFO  [Log] X 
2019-02-19 03:37:57,077 INFO  [Log] **************************************************************************************** 
2019-02-19 03:37:57,077 INFO  [Log] **************************************************************************************** 
2019-02-19 03:37:57,077 INFO  [Log] $$$$$$$$$$$$$$$$$$$$$             Reading Multiple Login Ids from Excel       $$$$$$$$$$$$$$$$$$$$$$$$$$$ 
2019-02-19 03:37:57,077 INFO  [Log] **************************************************************************************** 
2019-02-19 03:37:57,077 INFO  [Log] **************************************************************************************** 
2019-02-19 03:38:04,992 INFO  [Log] XXXXXXXXXXXXXXXXXXXXXXX             -E---N---D-             XXXXXXXXXXXXXXXXXXXXXX 
2019-02-19 03:38:04,992 INFO  [Log] X 
2019-02-19 03:38:04,992 INFO  [Log] X 
2019-02-19 03:38:04,992 INFO  [Log] X 
2019-02-19 03:38:04,992 INFO  [Log] X 
2019-02-19 03:45:32,373 INFO  [Log] **************************************************************************************** 
2019-02-19 03:45:32,373 INFO  [Log] **************************************************************************************** 
2019-02-19 03:45:32,373 INFO  [Log] $$$$$$$$$$$$$$$$$$$$$             Reading Multiple Login Ids from Excel       $$$$$$$$$$$$$$$$$$$$$$$$$$$ 
2019-02-19 03:45:32,373 INFO  [Log] **************************************************************************************** 
2019-02-19 03:45:32,373 INFO  [Log] **************************************************************************************** 
2019-02-19 03:45:39,794 INFO  [Log] XXXXXXXXXXXXXXXXXXXXXXX             -E---N---D-             XXXXXXXXXXXXXXXXXXXXXX 
2019-02-19 03:45:39,794 INFO  [Log] X 
2019-02-19 03:45:39,794 INFO  [Log] X 
2019-02-19 03:45:39,798 INFO  [Log] X 
2019-02-19 03:45:39,798 INFO  [Log] X 
2019-02-19 03:50:57,382 INFO  [Log] **************************************************************************************** 
2019-02-19 03:50:57,382 INFO  [Log] **************************************************************************************** 
2019-02-19 03:50:57,382 INFO  [Log] $$$$$$$$$$$$$$$$$$$$$             Reading Multiple Login Ids from Excel       $$$$$$$$$$$$$$$$$$$$$$$$$$$ 
2019-02-19 03:50:57,382 INFO  [Log] **************************************************************************************** 
2019-02-19 03:50:57,382 INFO  [Log] **************************************************************************************** 
2019-02-19 03:51:47,892 INFO  [Log] XXXXXXXXXXXXXXXXXXXXXXX             -E---N---D-             XXXXXXXXXXXXXXXXXXXXXX 
2019-02-19 03:51:47,892 INFO  [Log] X 
2019-02-19 03:51:47,892 INFO  [Log] X 
2019-02-19 03:51:47,892 INFO  [Log] X 
2019-02-19 03:51:47,892 INFO  [Log] X 
2019-02-19 03:54:28,143 INFO  [Log] **************************************************************************************** 
2019-02-19 03:54:28,143 INFO  [Log] **************************************************************************************** 
2019-02-19 03:54:28,143 INFO  [Log] $$$$$$$$$$$$$$$$$$$$$             Reading Multiple Login Ids from Excel       $$$$$$$$$$$$$$$$$$$$$$$$$$$ 
2019-02-19 03:54:28,143 INFO  [Log] **************************************************************************************** 
2019-02-19 03:54:28,143 INFO  [Log] **************************************************************************************** 
2019-02-19 03:54:54,885 INFO  [Log] XXXXXXXXXXXXXXXXXXXXXXX             -E---N---D-             XXXXXXXXXXXXXXXXXXXXXX 
2019-02-19 03:54:54,885 INFO  [Log] X 
2019-02-19 03:54:54,885 INFO  [Log] X 
2019-02-19 03:54:54,885 INFO  [Log] X 
2019-02-19 03:54:54,885 INFO  [Log] X 
2019-02-19 03:55:17,742 INFO  [Log] **************************************************************************************** 
2019-02-19 03:55:17,742 INFO  [Log] **************************************************************************************** 
2019-02-19 03:55:17,742 INFO  [Log] $$$$$$$$$$$$$$$$$$$$$             Reading Multiple Login Ids from Excel       $$$$$$$$$$$$$$$$$$$$$$$$$$$ 
2019-02-19 03:55:17,742 INFO  [Log] **************************************************************************************** 
2019-02-19 03:55:17,742 INFO  [Log] **************************************************************************************** 
2019-02-19 03:56:07,778 INFO  [Log] XXXXXXXXXXXXXXXXXXXXXXX             -E---N---D-             XXXXXXXXXXXXXXXXXXXXXX 
2019-02-19 03:56:07,778 INFO  [Log] X 
2019-02-19 03:56:07,778 INFO  [Log] X 
2019-02-19 03:56:07,778 INFO  [Log] X 
2019-02-19 03:56:07,778 INFO  [Log] X 
2019-02-19 03:57:43,540 INFO  [Log] **************************************************************************************** 
2019-02-19 03:57:43,540 INFO  [Log] **************************************************************************************** 
2019-02-19 03:57:43,540 INFO  [Log] $$$$$$$$$$$$$$$$$$$$$             Reading Multiple Login Ids from Excel       $$$$$$$$$$$$$$$$$$$$$$$$$$$ 
2019-02-19 03:57:43,540 INFO  [Log] **************************************************************************************** 
2019-02-19 03:57:43,540 INFO  [Log] **************************************************************************************** 
2019-02-19 03:58:30,759 INFO  [Log] XXXXXXXXXXXXXXXXXXXXXXX             -E---N---D-             XXXXXXXXXXXXXXXXXXXXXX 
2019-02-19 03:58:30,759 INFO  [Log] X 
2019-02-19 03:58:30,759 INFO  [Log] X 
2019-02-19 03:58:30,759 INFO  [Log] X 
2019-02-19 03:58:30,759 INFO  [Log] X 
2019-02-19 03:58:46,577 INFO  [Log] **************************************************************************************** 
2019-02-19 03:58:46,577 INFO  [Log] **************************************************************************************** 
2019-02-19 03:58:46,577 INFO  [Log] $$$$$$$$$$$$$$$$$$$$$             Reading Multiple Login Ids from Excel       $$$$$$$$$$$$$$$$$$$$$$$$$$$ 
2019-02-19 03:58:46,577 INFO  [Log] **************************************************************************************** 
2019-02-19 03:58:46,577 INFO  [Log] **************************************************************************************** 
2019-02-19 03:59:32,866 INFO  [Log] XXXXXXXXXXXXXXXXXXXXXXX             -E---N---D-             XXXXXXXXXXXXXXXXXXXXXX 
2019-02-19 03:59:32,866 INFO  [Log] X 
2019-02-19 03:59:32,866 INFO  [Log] X 
2019-02-19 03:59:32,866 INFO  [Log] X 
2019-02-19 03:59:32,866 INFO  [Log] X 
2019-02-19 03:59:32,870 INFO  [Log] **************************************************************************************** 
2019-02-19 03:59:32,870 INFO  [Log] **************************************************************************************** 
2019-02-19 03:59:32,870 INFO  [Log] $$$$$$$$$$$$$$$$$$$$$             Reading Multiple Login Ids from Excel       $$$$$$$$$$$$$$$$$$$$$$$$$$$ 
2019-02-19 03:59:32,870 INFO  [Log] **************************************************************************************** 
2019-02-19 03:59:32,870 INFO  [Log] **************************************************************************************** 
2019-02-19 03:59:57,896 INFO  [Log] XXXXXXXXXXXXXXXXXXXXXXX             -E---N---D-             XXXXXXXXXXXXXXXXXXXXXX 
2019-02-19 03:59:57,896 INFO  [Log] X 
2019-02-19 03:59:57,896 INFO  [Log] X 
2019-02-19 03:59:57,896 INFO  [Log] X 
2019-02-19 03:59:57,896 INFO  [Log] X 
2019-02-19 04:07:56,981 INFO  [Log] **************************************************************************************** 
2019-02-19 04:07:56,981 INFO  [Log] **************************************************************************************** 
2019-02-19 04:07:56,981 INFO  [Log] $$$$$$$$$$$$$$$$$$$$$             Reading Multiple Login Ids from Excel       $$$$$$$$$$$$$$$$$$$$$$$$$$$ 
2019-02-19 04:07:56,981 INFO  [Log] **************************************************************************************** 
2019-02-19 04:07:56,981 INFO  [Log] **************************************************************************************** 
2019-02-19 04:07:57,144 INFO  [Log] XXXXXXXXXXXXXXXXXXXXXXX             -E---N---D-             XXXXXXXXXXXXXXXXXXXXXX 
2019-02-19 04:07:57,144 INFO  [Log] X 
2019-02-19 04:07:57,144 INFO  [Log] X 
2019-02-19 04:07:57,144 INFO  [Log] X 
2019-02-19 04:07:57,144 INFO  [Log] X 
2019-02-19 04:08:32,352 INFO  [Log] **************************************************************************************** 
2019-02-19 04:08:32,352 INFO  [Log] **************************************************************************************** 
2019-02-19 04:08:32,352 INFO  [Log] $$$$$$$$$$$$$$$$$$$$$             Reading Multiple Login Ids from Excel       $$$$$$$$$$$$$$$$$$$$$$$$$$$ 
2019-02-19 04:08:32,352 INFO  [Log] **************************************************************************************** 
2019-02-19 04:08:32,352 INFO  [Log] **************************************************************************************** 
2019-02-19 04:08:33,861 INFO  [Log] XXXXXXXXXXXXXXXXXXXXXXX             -E---N---D-             XXXXXXXXXXXXXXXXXXXXXX 
2019-02-19 04:08:33,861 INFO  [Log] X 
2019-02-19 04:08:33,861 INFO  [Log] X 
2019-02-19 04:08:33,861 INFO  [Log] X 
2019-02-19 04:08:33,861 INFO  [Log] X 
2019-02-19 04:13:07,095 INFO  [Log] **************************************************************************************** 
2019-02-19 04:13:07,095 INFO  [Log] **************************************************************************************** 
2019-02-19 04:13:07,095 INFO  [Log] $$$$$$$$$$$$$$$$$$$$$             Reading Multiple Login Ids from Excel       $$$$$$$$$$$$$$$$$$$$$$$$$$$ 
2019-02-19 04:13:07,095 INFO  [Log] **************************************************************************************** 
2019-02-19 04:13:07,095 INFO  [Log] **************************************************************************************** 
2019-02-19 04:13:51,282 INFO  [Log] XXXXXXXXXXXXXXXXXXXXXXX             -E---N---D-             XXXXXXXXXXXXXXXXXXXXXX 
2019-02-19 04:13:51,282 INFO  [Log] X 
2019-02-19 04:13:51,282 INFO  [Log] X 
2019-02-19 04:13:51,282 INFO  [Log] X 
2019-02-19 04:13:51,282 INFO  [Log] X 
2019-02-19 04:15:07,241 INFO  [Log] **************************************************************************************** 
2019-02-19 04:15:07,241 INFO  [Log] **************************************************************************************** 
2019-02-19 04:15:07,241 INFO  [Log] $$$$$$$$$$$$$$$$$$$$$             Reading Multiple Login Ids from Excel       $$$$$$$$$$$$$$$$$$$$$$$$$$$ 
2019-02-19 04:15:07,241 INFO  [Log] **************************************************************************************** 
2019-02-19 04:15:07,241 INFO  [Log] **************************************************************************************** 
2019-02-19 04:15:54,413 INFO  [Log] XXXXXXXXXXXXXXXXXXXXXXX             -E---N---D-             XXXXXXXXXXXXXXXXXXXXXX 
2019-02-19 04:15:54,413 INFO  [Log] X 
2019-02-19 04:15:54,413 INFO  [Log] X 
2019-02-19 04:15:54,413 INFO  [Log] X 
2019-02-19 04:15:54,413 INFO  [Log] X 
2019-02-19 04:28:44,792 INFO  [Log] **************************************************************************************** 
2019-02-19 04:28:44,792 INFO  [Log] **************************************************************************************** 
2019-02-19 04:28:44,792 INFO  [Log] $$$$$$$$$$$$$$$$$$$$$             Reading Multiple Login Ids from Excel       $$$$$$$$$$$$$$$$$$$$$$$$$$$ 
2019-02-19 04:28:44,792 INFO  [Log] **************************************************************************************** 
2019-02-19 04:28:44,792 INFO  [Log] **************************************************************************************** 
2019-02-19 04:28:57,126 INFO  [Log] XXXXXXXXXXXXXXXXXXXXXXX             -E---N---D-             XXXXXXXXXXXXXXXXXXXXXX 
2019-02-19 04:28:57,126 INFO  [Log] X 
2019-02-19 04:28:57,126 INFO  [Log] X 
2019-02-19 04:28:57,126 INFO  [Log] X 
2019-02-19 04:28:57,126 INFO  [Log] X 
2019-02-19 04:34:47,506 INFO  [Log] **************************************************************************************** 
2019-02-19 04:34:47,506 INFO  [Log] **************************************************************************************** 
2019-02-19 04:34:47,506 INFO  [Log] $$$$$$$$$$$$$$$$$$$$$             Reading Multiple Login Ids from Excel       $$$$$$$$$$$$$$$$$$$$$$$$$$$ 
2019-02-19 04:34:47,506 INFO  [Log] **************************************************************************************** 
2019-02-19 04:34:47,506 INFO  [Log] **************************************************************************************** 
2019-02-19 04:34:49,069 INFO  [Log] XXXXXXXXXXXXXXXXXXXXXXX             -E---N---D-             XXXXXXXXXXXXXXXXXXXXXX 
2019-02-19 04:34:49,069 INFO  [Log] X 
2019-02-19 04:34:49,069 INFO  [Log] X 
2019-02-19 04:34:49,069 INFO  [Log] X 
2019-02-19 04:34:49,069 INFO  [Log] X 
2019-02-19 04:39:52,568 INFO  [Log] **************************************************************************************** 
2019-02-19 04:39:52,568 INFO  [Log] **************************************************************************************** 
2019-02-19 04:39:52,568 INFO  [Log] $$$$$$$$$$$$$$$$$$$$$             Reading Multiple Login Ids from Excel       $$$$$$$$$$$$$$$$$$$$$$$$$$$ 
2019-02-19 04:39:52,568 INFO  [Log] **************************************************************************************** 
2019-02-19 04:39:52,568 INFO  [Log] **************************************************************************************** 
2019-02-19 04:40:04,508 INFO  [Log] XXXXXXXXXXXXXXXXXXXXXXX             -E---N---D-             XXXXXXXXXXXXXXXXXXXXXX 
2019-02-19 04:40:04,508 INFO  [Log] X 
2019-02-19 04:40:04,508 INFO  [Log] X 
2019-02-19 04:40:04,508 INFO  [Log] X 
2019-02-19 04:40:04,508 INFO  [Log] X 
2019-02-19 04:50:01,446 INFO  [Log] **************************************************************************************** 
2019-02-19 04:50:01,446 INFO  [Log] **************************************************************************************** 
2019-02-19 04:50:01,446 INFO  [Log] $$$$$$$$$$$$$$$$$$$$$             Reading Multiple Login Ids from Excel       $$$$$$$$$$$$$$$$$$$$$$$$$$$ 
2019-02-19 04:50:01,446 INFO  [Log] **************************************************************************************** 
2019-02-19 04:50:01,446 INFO  [Log] **************************************************************************************** 
2019-02-19 04:50:18,334 INFO  [Log] XXXXXXXXXXXXXXXXXXXXXXX             -E---N---D-             XXXXXXXXXXXXXXXXXXXXXX 
2019-02-19 04:50:18,334 INFO  [Log] X 
2019-02-19 04:50:18,334 INFO  [Log] X 
2019-02-19 04:50:18,334 INFO  [Log] X 
2019-02-19 04:50:18,334 INFO  [Log] X 
2019-02-19 05:02:14,680 INFO  [Log] **************************************************************************************** 
2019-02-19 05:02:14,680 INFO  [Log] **************************************************************************************** 
2019-02-19 05:02:14,680 INFO  [Log] $$$$$$$$$$$$$$$$$$$$$             Reading Multiple Login Ids from Excel       $$$$$$$$$$$$$$$$$$$$$$$$$$$ 
2019-02-19 05:02:14,680 INFO  [Log] **************************************************************************************** 
2019-02-19 05:02:14,680 INFO  [Log] **************************************************************************************** 
2019-02-19 05:02:31,348 INFO  [Log] XXXXXXXXXXXXXXXXXXXXXXX             -E---N---D-             XXXXXXXXXXXXXXXXXXXXXX 
2019-02-19 05:02:31,348 INFO  [Log] X 
2019-02-19 05:02:31,348 INFO  [Log] X 
2019-02-19 05:02:31,348 INFO  [Log] X 
2019-02-19 05:02:31,348 INFO  [Log] X 
2019-02-19 05:06:20,503 INFO  [Log] **************************************************************************************** 
2019-02-19 05:06:20,503 INFO  [Log] **************************************************************************************** 
2019-02-19 05:06:20,503 INFO  [Log] $$$$$$$$$$$$$$$$$$$$$             Reading Multiple Login Ids from Excel       $$$$$$$$$$$$$$$$$$$$$$$$$$$ 
2019-02-19 05:06:20,503 INFO  [Log] **************************************************************************************** 
2019-02-19 05:06:20,503 INFO  [Log] **************************************************************************************** 
2019-02-19 05:07:05,716 INFO  [Log] XXXXXXXXXXXXXXXXXXXXXXX             -E---N---D-             XXXXXXXXXXXXXXXXXXXXXX 
2019-02-19 05:07:05,716 INFO  [Log] X 
2019-02-19 05:07:05,716 INFO  [Log] X 
2019-02-19 05:07:05,716 INFO  [Log] X 
2019-02-19 05:07:05,716 INFO  [Log] X 
2019-02-19 05:09:58,100 INFO  [Log] **************************************************************************************** 
2019-02-19 05:09:58,100 INFO  [Log] **************************************************************************************** 
2019-02-19 05:09:58,100 INFO  [Log] $$$$$$$$$$$$$$$$$$$$$             Reading Multiple Login Ids from Excel       $$$$$$$$$$$$$$$$$$$$$$$$$$$ 
2019-02-19 05:09:58,100 INFO  [Log] **************************************************************************************** 
2019-02-19 05:09:58,100 INFO  [Log] **************************************************************************************** 
2019-02-19 05:10:09,161 INFO  [Log] XXXXXXXXXXXXXXXXXXXXXXX             -E---N---D-             XXXXXXXXXXXXXXXXXXXXXX 
2019-02-19 05:10:09,165 INFO  [Log] X 
2019-02-19 05:10:09,165 INFO  [Log] X 
2019-02-19 05:10:09,165 INFO  [Log] X 
2019-02-19 05:10:09,165 INFO  [Log] X 
2019-02-19 05:14:03,844 INFO  [Log] **************************************************************************************** 
2019-02-19 05:14:03,844 INFO  [Log] **************************************************************************************** 
2019-02-19 05:14:03,848 INFO  [Log] $$$$$$$$$$$$$$$$$$$$$             Reading Multiple Login Ids from Excel       $$$$$$$$$$$$$$$$$$$$$$$$$$$ 
2019-02-19 05:14:03,848 INFO  [Log] **************************************************************************************** 
2019-02-19 05:14:03,848 INFO  [Log] **************************************************************************************** 
2019-02-19 05:14:04,052 INFO  [Log] XXXXXXXXXXXXXXXXXXXXXXX             -E---N---D-             XXXXXXXXXXXXXXXXXXXXXX 
2019-02-19 05:14:04,052 INFO  [Log] X 
2019-02-19 05:14:04,052 INFO  [Log] X 
2019-02-19 05:14:04,052 INFO  [Log] X 
2019-02-19 05:14:04,052 INFO  [Log] X 
2019-02-19 05:14:16,542 INFO  [Log] **************************************************************************************** 
2019-02-19 05:14:16,542 INFO  [Log] **************************************************************************************** 
2019-02-19 05:14:16,542 INFO  [Log] $$$$$$$$$$$$$$$$$$$$$             Reading Multiple Login Ids from Excel       $$$$$$$$$$$$$$$$$$$$$$$$$$$ 
2019-02-19 05:14:16,542 INFO  [Log] **************************************************************************************** 
2019-02-19 05:14:16,542 INFO  [Log] **************************************************************************************** 
2019-02-19 05:15:04,566 INFO  [Log] XXXXXXXXXXXXXXXXXXXXXXX             -E---N---D-             XXXXXXXXXXXXXXXXXXXXXX 
2019-02-19 05:15:04,566 INFO  [Log] X 
2019-02-19 05:15:04,566 INFO  [Log] X 
2019-02-19 05:15:04,566 INFO  [Log] X 
2019-02-19 05:15:04,566 INFO  [Log] X 
2019-02-19 05:20:39,744 INFO  [Log] **************************************************************************************** 
2019-02-19 05:20:39,744 INFO  [Log] **************************************************************************************** 
2019-02-19 05:20:39,744 INFO  [Log] $$$$$$$$$$$$$$$$$$$$$             Reading Multiple Login Ids from Excel       $$$$$$$$$$$$$$$$$$$$$$$$$$$ 
2019-02-19 05:20:39,744 INFO  [Log] **************************************************************************************** 
2019-02-19 05:20:39,744 INFO  [Log] **************************************************************************************** 
2019-02-19 05:21:34,626 INFO  [Log] XXXXXXXXXXXXXXXXXXXXXXX             -E---N---D-             XXXXXXXXXXXXXXXXXXXXXX 
2019-02-19 05:21:34,626 INFO  [Log] X 
2019-02-19 05:21:34,626 INFO  [Log] X 
2019-02-19 05:21:34,626 INFO  [Log] X 
2019-02-19 05:21:34,626 INFO  [Log] X 
2019-02-19 05:22:25,730 INFO  [Log] **************************************************************************************** 
2019-02-19 05:22:25,730 INFO  [Log] **************************************************************************************** 
2019-02-19 05:22:25,730 INFO  [Log] $$$$$$$$$$$$$$$$$$$$$             Reading Multiple Login Ids from Excel       $$$$$$$$$$$$$$$$$$$$$$$$$$$ 
2019-02-19 05:22:25,730 INFO  [Log] **************************************************************************************** 
2019-02-19 05:22:25,730 INFO  [Log] **************************************************************************************** 
2019-02-19 05:22:47,770 INFO  [Log] XXXXXXXXXXXXXXXXXXXXXXX             -E---N---D-             XXXXXXXXXXXXXXXXXXXXXX 
2019-02-19 05:22:47,770 INFO  [Log] X 
2019-02-19 05:22:47,770 INFO  [Log] X 
2019-02-19 05:22:47,770 INFO  [Log] X 
2019-02-19 05:22:47,770 INFO  [Log] X 
2019-02-19 05:28:04,840 INFO  [Log] **************************************************************************************** 
2019-02-19 05:28:04,840 INFO  [Log] **************************************************************************************** 
2019-02-19 05:28:04,840 INFO  [Log] $$$$$$$$$$$$$$$$$$$$$             Reading Multiple Login Ids from Excel       $$$$$$$$$$$$$$$$$$$$$$$$$$$ 
2019-02-19 05:28:04,840 INFO  [Log] **************************************************************************************** 
2019-02-19 05:28:04,840 INFO  [Log] **************************************************************************************** 
2019-02-19 05:28:26,781 INFO  [Log] XXXXXXXXXXXXXXXXXXXXXXX             -E---N---D-             XXXXXXXXXXXXXXXXXXXXXX 
2019-02-19 05:28:26,781 INFO  [Log] X 
2019-02-19 05:28:26,781 INFO  [Log] X 
2019-02-19 05:28:26,781 INFO  [Log] X 
2019-02-19 05:28:26,781 INFO  [Log] X 
2019-02-19 05:28:26,781 INFO  [Log] **************************************************************************************** 
2019-02-19 05:28:26,781 INFO  [Log] **************************************************************************************** 
2019-02-19 05:28:26,781 INFO  [Log] $$$$$$$$$$$$$$$$$$$$$             Reading Multiple Login Ids from Excel       $$$$$$$$$$$$$$$$$$$$$$$$$$$ 
2019-02-19 05:28:26,781 INFO  [Log] **************************************************************************************** 
2019-02-19 05:28:26,781 INFO  [Log] **************************************************************************************** 
2019-02-19 05:28:51,206 INFO  [Log] XXXXXXXXXXXXXXXXXXXXXXX             -E---N---D-             XXXXXXXXXXXXXXXXXXXXXX 
2019-02-19 05:28:51,206 INFO  [Log] X 
2019-02-19 05:28:51,206 INFO  [Log] X 
2019-02-19 05:28:51,206 INFO  [Log] X 
2019-02-19 05:28:51,206 INFO  [Log] X 
2019-02-19 05:29:20,262 INFO  [Log] **************************************************************************************** 
2019-02-19 05:29:20,262 INFO  [Log] **************************************************************************************** 
2019-02-19 05:29:20,262 INFO  [Log] $$$$$$$$$$$$$$$$$$$$$             Reading Multiple Login Ids from Excel       $$$$$$$$$$$$$$$$$$$$$$$$$$$ 
2019-02-19 05:29:20,262 INFO  [Log] **************************************************************************************** 
2019-02-19 05:29:20,262 INFO  [Log] **************************************************************************************** 
2019-02-19 05:29:48,934 INFO  [Log] XXXXXXXXXXXXXXXXXXXXXXX             -E---N---D-             XXXXXXXXXXXXXXXXXXXXXX 
2019-02-19 05:29:48,934 INFO  [Log] X 
2019-02-19 05:29:48,934 INFO  [Log] X 
2019-02-19 05:29:48,934 INFO  [Log] X 
2019-02-19 05:29:48,934 INFO  [Log] X 
2019-02-19 05:31:10,077 INFO  [Log] **************************************************************************************** 
2019-02-19 05:31:10,077 INFO  [Log] **************************************************************************************** 
2019-02-19 05:31:10,077 INFO  [Log] $$$$$$$$$$$$$$$$$$$$$             Reading Multiple Login Ids from Excel       $$$$$$$$$$$$$$$$$$$$$$$$$$$ 
2019-02-19 05:31:10,077 INFO  [Log] **************************************************************************************** 
2019-02-19 05:31:10,077 INFO  [Log] **************************************************************************************** 
2019-02-19 05:31:31,995 INFO  [Log] XXXXXXXXXXXXXXXXXXXXXXX             -E---N---D-             XXXXXXXXXXXXXXXXXXXXXX 
2019-02-19 05:31:31,999 INFO  [Log] X 
2019-02-19 05:31:31,999 INFO  [Log] X 
2019-02-19 05:31:31,999 INFO  [Log] X 
2019-02-19 05:31:31,999 INFO  [Log] X 
2019-02-19 05:31:31,999 INFO  [Log] **************************************************************************************** 
2019-02-19 05:31:31,999 INFO  [Log] **************************************************************************************** 
2019-02-19 05:31:31,999 INFO  [Log] $$$$$$$$$$$$$$$$$$$$$             Reading Multiple Login Ids from Excel       $$$$$$$$$$$$$$$$$$$$$$$$$$$ 
2019-02-19 05:31:31,999 INFO  [Log] **************************************************************************************** 
2019-02-19 05:31:31,999 INFO  [Log] **************************************************************************************** 
2019-02-19 05:31:56,440 INFO  [Log] XXXXXXXXXXXXXXXXXXXXXXX             -E---N---D-             XXXXXXXXXXXXXXXXXXXXXX 
2019-02-19 05:31:56,440 INFO  [Log] X 
2019-02-19 05:31:56,440 INFO  [Log] X 
2019-02-19 05:31:56,440 INFO  [Log] X 
2019-02-19 05:31:56,440 INFO  [Log] X 
2019-02-19 06:27:25,161 INFO  [Log] **************************************************************************************** 
2019-02-19 06:27:25,168 INFO  [Log] **************************************************************************************** 
2019-02-19 06:27:25,168 INFO  [Log] $$$$$$$$$$$$$$$$$$$$$             Reading Multiple Login Ids from Excel with HashMap       $$$$$$$$$$$$$$$$$$$$$$$$$$$ 
2019-02-19 06:27:25,168 INFO  [Log] **************************************************************************************** 
2019-02-19 06:27:25,168 INFO  [Log] **************************************************************************************** 
2019-02-19 06:27:26,660 INFO  [Log] XXXXXXXXXXXXXXXXXXXXXXX             -E---N---D-             XXXXXXXXXXXXXXXXXXXXXX 
2019-02-19 06:27:26,660 INFO  [Log] X 
2019-02-19 06:27:26,660 INFO  [Log] X 
2019-02-19 06:27:26,660 INFO  [Log] X 
2019-02-19 06:27:26,660 INFO  [Log] X 
2019-02-19 06:27:26,675 INFO  [Log] **************************************************************************************** 
2019-02-19 06:27:26,675 INFO  [Log] **************************************************************************************** 
2019-02-19 06:27:26,675 INFO  [Log] $$$$$$$$$$$$$$$$$$$$$             Reading Multiple Login Ids from Excel without HashMap       $$$$$$$$$$$$$$$$$$$$$$$$$$$ 
2019-02-19 06:27:26,675 INFO  [Log] **************************************************************************************** 
2019-02-19 06:27:26,675 INFO  [Log] **************************************************************************************** 
2019-02-19 06:27:36,764 INFO  [Log] XXXXXXXXXXXXXXXXXXXXXXX             -E---N---D-             XXXXXXXXXXXXXXXXXXXXXX 
2019-02-19 06:27:36,764 INFO  [Log] X 
2019-02-19 06:27:36,764 INFO  [Log] X 
2019-02-19 06:27:36,764 INFO  [Log] X 
2019-02-19 06:27:36,764 INFO  [Log] X 
2019-02-19 06:29:49,205 INFO  [Log] **************************************************************************************** 
2019-02-19 06:29:49,206 INFO  [Log] **************************************************************************************** 
2019-02-19 06:29:49,206 INFO  [Log] $$$$$$$$$$$$$$$$$$$$$             Reading Multiple Login Ids from Excel with HashMap       $$$$$$$$$$$$$$$$$$$$$$$$$$$ 
2019-02-19 06:29:49,206 INFO  [Log] **************************************************************************************** 
2019-02-19 06:29:49,206 INFO  [Log] **************************************************************************************** 
2019-02-19 06:29:50,840 INFO  [Log] XXXXXXXXXXXXXXXXXXXXXXX             -E---N---D-             XXXXXXXXXXXXXXXXXXXXXX 
2019-02-19 06:29:50,840 INFO  [Log] X 
2019-02-19 06:29:50,840 INFO  [Log] X 
2019-02-19 06:29:50,840 INFO  [Log] X 
2019-02-19 06:29:50,840 INFO  [Log] X 
2019-02-19 06:29:50,848 INFO  [Log] **************************************************************************************** 
2019-02-19 06:29:50,848 INFO  [Log] **************************************************************************************** 
2019-02-19 06:29:50,848 INFO  [Log] $$$$$$$$$$$$$$$$$$$$$             Reading Multiple Login Ids from Excel without HashMap       $$$$$$$$$$$$$$$$$$$$$$$$$$$ 
2019-02-19 06:29:50,848 INFO  [Log] **************************************************************************************** 
2019-02-19 06:29:50,848 INFO  [Log] **************************************************************************************** 
2019-02-19 06:30:20,530 INFO  [Log] XXXXXXXXXXXXXXXXXXXXXXX             -E---N---D-             XXXXXXXXXXXXXXXXXXXXXX 
2019-02-19 06:30:20,530 INFO  [Log] X 
2019-02-19 06:30:20,530 INFO  [Log] X 
2019-02-19 06:30:20,530 INFO  [Log] X 
2019-02-19 06:30:20,530 INFO  [Log] X 
2019-02-19 06:32:31,082 INFO  [Log] **************************************************************************************** 
2019-02-19 06:32:31,083 INFO  [Log] **************************************************************************************** 
2019-02-19 06:32:31,084 INFO  [Log] $$$$$$$$$$$$$$$$$$$$$             Reading Multiple Login Ids from Excel with HashMap       $$$$$$$$$$$$$$$$$$$$$$$$$$$ 
2019-02-19 06:32:31,084 INFO  [Log] **************************************************************************************** 
2019-02-19 06:32:31,084 INFO  [Log] **************************************************************************************** 
2019-02-19 06:32:47,865 INFO  [Log] XXXXXXXXXXXXXXXXXXXXXXX             -E---N---D-             XXXXXXXXXXXXXXXXXXXXXX 
2019-02-19 06:32:47,867 INFO  [Log] X 
2019-02-19 06:32:47,867 INFO  [Log] X 
2019-02-19 06:32:47,867 INFO  [Log] X 
2019-02-19 06:32:47,867 INFO  [Log] X 
2019-02-19 06:32:47,870 INFO  [Log] **************************************************************************************** 
2019-02-19 06:32:47,870 INFO  [Log] **************************************************************************************** 
2019-02-19 06:32:47,871 INFO  [Log] $$$$$$$$$$$$$$$$$$$$$             Reading Multiple Login Ids from Excel without HashMap       $$$$$$$$$$$$$$$$$$$$$$$$$$$ 
2019-02-19 06:32:47,871 INFO  [Log] **************************************************************************************** 
2019-02-19 06:32:47,871 INFO  [Log] **************************************************************************************** 
2019-02-19 06:33:12,645 INFO  [Log] XXXXXXXXXXXXXXXXXXXXXXX             -E---N---D-             XXXXXXXXXXXXXXXXXXXXXX 
2019-02-19 06:33:12,645 INFO  [Log] X 
2019-02-19 06:33:12,645 INFO  [Log] X 
2019-02-19 06:33:12,645 INFO  [Log] X 
2019-02-19 06:33:12,645 INFO  [Log] X 
2019-02-19 06:34:19,974 INFO  [Log] **************************************************************************************** 
2019-02-19 06:34:19,976 INFO  [Log] **************************************************************************************** 
2019-02-19 06:34:19,976 INFO  [Log] $$$$$$$$$$$$$$$$$$$$$             Reading Multiple Login Ids from Excel with HashMap       $$$$$$$$$$$$$$$$$$$$$$$$$$$ 
2019-02-19 06:34:19,976 INFO  [Log] **************************************************************************************** 
2019-02-19 06:34:19,976 INFO  [Log] **************************************************************************************** 
2019-02-19 06:35:08,519 INFO  [Log] XXXXXXXXXXXXXXXXXXXXXXX             -E---N---D-             XXXXXXXXXXXXXXXXXXXXXX 
2019-02-19 06:35:08,519 INFO  [Log] X 
2019-02-19 06:35:08,519 INFO  [Log] X 
2019-02-19 06:35:08,519 INFO  [Log] X 
2019-02-19 06:35:08,519 INFO  [Log] X 
2019-02-19 06:35:08,523 INFO  [Log] **************************************************************************************** 
2019-02-19 06:35:08,523 INFO  [Log] **************************************************************************************** 
2019-02-19 06:35:08,523 INFO  [Log] $$$$$$$$$$$$$$$$$$$$$             Reading Multiple Login Ids from Excel without HashMap       $$$$$$$$$$$$$$$$$$$$$$$$$$$ 
2019-02-19 06:35:08,523 INFO  [Log] **************************************************************************************** 
2019-02-19 06:35:08,523 INFO  [Log] **************************************************************************************** 
2019-02-19 06:35:35,880 INFO  [Log] XXXXXXXXXXXXXXXXXXXXXXX             -E---N---D-             XXXXXXXXXXXXXXXXXXXXXX 
2019-02-19 06:35:35,880 INFO  [Log] X 
2019-02-19 06:35:35,880 INFO  [Log] X 
2019-02-19 06:35:35,880 INFO  [Log] X 
2019-02-19 06:35:35,880 INFO  [Log] X 
2019-02-19 07:43:47,705 INFO  [Log] **************************************************************************************** 
2019-02-19 07:43:47,705 INFO  [Log] **************************************************************************************** 
2019-02-19 07:43:47,705 INFO  [Log] $$$$$$$$$$$$$$$$$$$$$             Reading Multiple Login Ids from Excel with HashMap       $$$$$$$$$$$$$$$$$$$$$$$$$$$ 
2019-02-19 07:43:47,705 INFO  [Log] **************************************************************************************** 
2019-02-19 07:43:47,705 INFO  [Log] **************************************************************************************** 
2019-02-19 07:44:40,789 INFO  [Log] XXXXXXXXXXXXXXXXXXXXXXX             -E---N---D-             XXXXXXXXXXXXXXXXXXXXXX 
2019-02-19 07:44:40,789 INFO  [Log] X 
2019-02-19 07:44:40,789 INFO  [Log] X 
2019-02-19 07:44:40,789 INFO  [Log] X 
2019-02-19 07:44:40,789 INFO  [Log] X 
2019-02-19 07:44:40,789 INFO  [Log] **************************************************************************************** 
2019-02-19 07:44:40,789 INFO  [Log] **************************************************************************************** 
2019-02-19 07:44:40,789 INFO  [Log] $$$$$$$$$$$$$$$$$$$$$             Reading Multiple Login Ids from Excel without HashMap       $$$$$$$$$$$$$$$$$$$$$$$$$$$ 
2019-02-19 07:44:40,789 INFO  [Log] **************************************************************************************** 
2019-02-19 07:44:40,789 INFO  [Log] **************************************************************************************** 
2019-02-19 07:45:13,125 INFO  [Log] XXXXXXXXXXXXXXXXXXXXXXX             -E---N---D-             XXXXXXXXXXXXXXXXXXXXXX 
2019-02-19 07:45:13,125 INFO  [Log] X 
2019-02-19 07:45:13,125 INFO  [Log] X 
2019-02-19 07:45:13,125 INFO  [Log] X 
2019-02-19 07:45:13,125 INFO  [Log] X 
